<?xml version="1.0" encoding="UTF-8" ?>
<testsuite tests="6" failures="0" name="pl.Java.kalorie.AppTest" time="0.314" errors="0" skipped="0">
  <properties>
[...]
</properties>
  <testcase classname="pl.Java.kalorie.AppTest" name="test5" time="0.007"/>
  <testcase classname="pl.Java.kalorie.AppTest" name="test4" time="0.002"/>
  <testcase classname="pl.Java.kalorie.AppTest" name="test3" time="0"/>
  <testcase classname="pl.Java.kalorie.AppTest" name="test1" time="0.272"/>
  <testcase classname="pl.Java.kalorie.AppTest" name="test2" time="0"/>
  <testcase classname="pl.Java.kalorie.AppTest" name="testApp" time="0"/>
</testsuite>